<?xml version="1.0" encoding="UTF-8"?>
<testsuite xmlns:xsi="http://www.w3.org/2001/XMLSchema-instance" xsi:noNamespaceSchemaLocation="https://maven.apache.org/surefire/maven-surefire-plugin/xsd/surefire-test-report-3.0.xsd" version="3.0" name="com.revature.bank.test.OracleTest" time="3.332" tests="16" errors="0" skipped="0" failures="0">
  <properties>
    <property name="sun.desktop" value="windows"/>
    <property name="awt.toolkit" value="sun.awt.windows.WToolkit"/>
    <property name="file.encoding.pkg" value="sun.io"/>
    <property name="java.specification.version" value="1.8"/>
    <property name="sun.cpu.isalist" value="amd64"/>
    <property name="sun.jnu.encoding" value="Cp1252"/>
    <property name="java.class.path" value="C:\Users\Arael\Revature\project-0-Arael15\BankingApp\target\test-classes;C:\Users\Arael\Revature\project-0-Arael15\BankingApp\target\classes;C:\Users\Arael\.m2\repository\junit\junit\4.12\junit-4.12.jar;C:\Users\Arael\.m2\repository\org\hamcrest\hamcrest-core\1.3\hamcrest-core-1.3.jar;C:\Users\Arael\.m2\repository\com\fasterxml\jackson\core\jackson-databind\2.9.8\jackson-databind-2.9.8.jar;C:\Users\Arael\.m2\repository\com\fasterxml\jackson\core\jackson-annotations\2.9.0\jackson-annotations-2.9.0.jar;C:\Users\Arael\.m2\repository\com\fasterxml\jackson\core\jackson-core\2.9.8\jackson-core-2.9.8.jar;C:\Users\Arael\.m2\repository\com\fasterxml\jackson\dataformat\jackson-dataformat-yaml\2.9.0\jackson-dataformat-yaml-2.9.0.jar;C:\Users\Arael\.m2\repository\org\yaml\snakeyaml\1.17\snakeyaml-1.17.jar;C:\Users\Arael\.m2\repository\org\apache\logging\log4j\log4j-api\2.11.1\log4j-api-2.11.1.jar;C:\Users\Arael\.m2\repository\org\apache\logging\log4j\log4j-core\2.11.1\log4j-core-2.11.1.jar;C:\Users\Arael\.m2\repository\com\oracle\ojdbc7\12.1.0\ojdbc7-12.1.0.jar;"/>
    <property name="java.vm.vendor" value="Oracle Corporation"/>
    <property name="sun.arch.data.model" value="64"/>
    <property name="user.variant" value=""/>
    <property name="java.vendor.url" value="http://java.oracle.com/"/>
    <property name="user.timezone" value="America/New_York"/>
    <property name="java.vm.specification.version" value="1.8"/>
    <property name="os.name" value="Windows 10"/>
    <property name="user.country" value="US"/>
    <property name="sun.java.launcher" value="SUN_STANDARD"/>
    <property name="sun.boot.library.path" value="C:\Program Files\Java\jdk1.8.0_191\jre\bin"/>
    <property name="sun.java.command" value="C:\Users\Arael\AppData\Local\Temp\surefire8269011578844113988\surefirebooter8434486423507032333.jar C:\Users\Arael\AppData\Local\Temp\surefire8269011578844113988 2019-01-07T16-02-13_950-jvmRun1 surefire479827079537742810tmp surefire_06205551032676405503tmp"/>
    <property name="surefire.test.class.path" value="C:\Users\Arael\Revature\project-0-Arael15\BankingApp\target\test-classes;C:\Users\Arael\Revature\project-0-Arael15\BankingApp\target\classes;C:\Users\Arael\.m2\repository\junit\junit\4.12\junit-4.12.jar;C:\Users\Arael\.m2\repository\org\hamcrest\hamcrest-core\1.3\hamcrest-core-1.3.jar;C:\Users\Arael\.m2\repository\com\fasterxml\jackson\core\jackson-databind\2.9.8\jackson-databind-2.9.8.jar;C:\Users\Arael\.m2\repository\com\fasterxml\jackson\core\jackson-annotations\2.9.0\jackson-annotations-2.9.0.jar;C:\Users\Arael\.m2\repository\com\fasterxml\jackson\core\jackson-core\2.9.8\jackson-core-2.9.8.jar;C:\Users\Arael\.m2\repository\com\fasterxml\jackson\dataformat\jackson-dataformat-yaml\2.9.0\jackson-dataformat-yaml-2.9.0.jar;C:\Users\Arael\.m2\repository\org\yaml\snakeyaml\1.17\snakeyaml-1.17.jar;C:\Users\Arael\.m2\repository\org\apache\logging\log4j\log4j-api\2.11.1\log4j-api-2.11.1.jar;C:\Users\Arael\.m2\repository\org\apache\logging\log4j\log4j-core\2.11.1\log4j-core-2.11.1.jar;C:\Users\Arael\.m2\repository\com\oracle\ojdbc7\12.1.0\ojdbc7-12.1.0.jar;"/>
    <property name="sun.cpu.endian" value="little"/>
    <property name="user.home" value="C:\Users\Arael"/>
    <property name="user.language" value="en"/>
    <property name="java.specification.vendor" value="Oracle Corporation"/>
    <property name="java.home" value="C:\Program Files\Java\jdk1.8.0_191\jre"/>
    <property name="basedir" value="C:\Users\Arael\Revature\project-0-Arael15\BankingApp"/>
    <property name="file.separator" value="\"/>
    <property name="line.separator" value="&#10;"/>
    <property name="java.vm.specification.vendor" value="Oracle Corporation"/>
    <property name="java.specification.name" value="Java Platform API Specification"/>
    <property name="java.awt.graphicsenv" value="sun.awt.Win32GraphicsEnvironment"/>
    <property name="surefire.real.class.path" value="C:\Users\Arael\AppData\Local\Temp\surefire8269011578844113988\surefirebooter8434486423507032333.jar"/>
    <property name="sun.boot.class.path" value="C:\Program Files\Java\jdk1.8.0_191\jre\lib\resources.jar;C:\Program Files\Java\jdk1.8.0_191\jre\lib\rt.jar;C:\Program Files\Java\jdk1.8.0_191\jre\lib\sunrsasign.jar;C:\Program Files\Java\jdk1.8.0_191\jre\lib\jsse.jar;C:\Program Files\Java\jdk1.8.0_191\jre\lib\jce.jar;C:\Program Files\Java\jdk1.8.0_191\jre\lib\charsets.jar;C:\Program Files\Java\jdk1.8.0_191\jre\lib\jfr.jar;C:\Program Files\Java\jdk1.8.0_191\jre\classes"/>
    <property name="user.script" value=""/>
    <property name="sun.management.compiler" value="HotSpot 64-Bit Tiered Compilers"/>
    <property name="java.runtime.version" value="1.8.0_191-b12"/>
    <property name="user.name" value="Arael"/>
    <property name="path.separator" value=";"/>
    <property name="os.version" value="10.0"/>
    <property name="java.endorsed.dirs" value="C:\Program Files\Java\jdk1.8.0_191\jre\lib\endorsed"/>
    <property name="java.runtime.name" value="Java(TM) SE Runtime Environment"/>
    <property name="file.encoding" value="Cp1252"/>
    <property name="java.vm.name" value="Java HotSpot(TM) 64-Bit Server VM"/>
    <property name="localRepository" value="C:\Users\Arael\.m2\repository"/>
    <property name="java.vendor.url.bug" value="http://bugreport.sun.com/bugreport/"/>
    <property name="java.io.tmpdir" value="C:\Users\Arael\AppData\Local\Temp\"/>
    <property name="java.version" value="1.8.0_191"/>
    <property name="user.dir" value="C:\Users\Arael\Revature\project-0-Arael15\BankingApp"/>
    <property name="os.arch" value="amd64"/>
    <property name="java.vm.specification.name" value="Java Virtual Machine Specification"/>
    <property name="java.awt.printerjob" value="sun.awt.windows.WPrinterJob"/>
    <property name="sun.os.patch.level" value=""/>
    <property name="java.library.path" value="C:\Program Files\Java\jdk1.8.0_191\jre\bin;C:\WINDOWS\Sun\Java\bin;C:\WINDOWS\system32;C:\WINDOWS;C:\Program Files (x86)\Common Files\Oracle\Java\javapath;C:\Program Files (x86)\Intel\iCLS Client\;C:\ProgramData\Oracle\Java\javapath;C:\Program Files\Intel\iCLS Client\;C:\WINDOWS\system32;C:\WINDOWS;C:\WINDOWS\System32\Wbem;C:\WINDOWS\System32\WindowsPowerShell\v1.0\;c:\Program Files\Intel\IntelSGXPSW\bin\x64\Release\;c:\Program Files\Intel\IntelSGXPSW\bin\win32\Release\;C:\ProgramData\Anaconda3\;C:\ProgramData\Anaconda3\Scripts;C:\Program Files (x86)\PuTTY\;C:\Coq\bin;C:\WINDOWS\System32\OpenSSH\;C:\Program Files (x86)\Intel\Intel(R) Management Engine Components\DAL;C:\Program Files\Intel\Intel(R) Management Engine Components\DAL;C:\Program Files (x86)\Intel\Intel(R) Management Engine Components\IPT;C:\Program Files\Intel\Intel(R) Management Engine Components\IPT;c:\Program Files\Intel\WiFi\bin\;c:\Program Files\Common Files\Intel\WirelessCommon\;C:\Program Files\Git\cmd;C:\Users\Arael\AppData\Local\Microsoft\WindowsApps;c:\Program Files\Intel\WiFi\bin\;c:\Program Files\Common Files\Intel\WirelessCommon\;C:\Program Files\Java\jdk1.8.0_191\bin;C:\Users\Arael\AppData\Local\Programs\Microsoft VS Code\bin;C:\Users\Arael\apache-maven-3.6.0\bin;C:\Users\Arael\AppData\Local\Microsoft\WindowsApps;C:\ProgramData\Anaconda3;C:\Program Files\JetBrains\PyCharm Community Edition 2018.3.2\bin;;C:\Users\Arael\geckodriver;;."/>
    <property name="java.vm.info" value="mixed mode"/>
    <property name="java.vendor" value="Oracle Corporation"/>
    <property name="java.vm.version" value="25.191-b12"/>
    <property name="java.ext.dirs" value="C:\Program Files\Java\jdk1.8.0_191\jre\lib\ext;C:\WINDOWS\Sun\Java\lib\ext"/>
    <property name="sun.io.unicode.encoding" value="UnicodeLittle"/>
    <property name="java.class.version" value="52.0"/>
  </properties>
  <testcase name="makeWithdrawalTest" classname="com.revature.bank.test.OracleTest" time="0.148"/>
  <testcase name="issueTransferTest" classname="com.revature.bank.test.OracleTest" time="0.273"/>
  <testcase name="addUserTest" classname="com.revature.bank.test.OracleTest" time="0.245"/>
  <testcase name="accountTransactionsLookupNoTransactionsTest" classname="com.revature.bank.test.OracleTest" time="0.211"/>
  <testcase name="userNameLookupNoSuchNameTest" classname="com.revature.bank.test.OracleTest" time="0.187"/>
  <testcase name="transactionLookupDoesNotExistTest" classname="com.revature.bank.test.OracleTest" time="0.198"/>
  <testcase name="makeDepositTest" classname="com.revature.bank.test.OracleTest" time="0.216"/>
  <testcase name="accountLookupTest" classname="com.revature.bank.test.OracleTest" time="0.209"/>
  <testcase name="userNameLookupTest" classname="com.revature.bank.test.OracleTest" time="0.215"/>
  <testcase name="accountLookupForUserTest" classname="com.revature.bank.test.OracleTest" time="0.217"/>
  <testcase name="accountLookupForNonexistentUserTest" classname="com.revature.bank.test.OracleTest" time="0.179"/>
  <testcase name="userIDLookupNoSuchIDTest" classname="com.revature.bank.test.OracleTest" time="0.214"/>
  <testcase name="accountTransactionsLookupNoSuchAccountTest" classname="com.revature.bank.test.OracleTest" time="0.203"/>
  <testcase name="userIDLookupTest" classname="com.revature.bank.test.OracleTest" time="0.2"/>
  <testcase name="addAccountTest" classname="com.revature.bank.test.OracleTest" time="0.203"/>
  <testcase name="noSuchAccountLookupTest" classname="com.revature.bank.test.OracleTest" time="0.197"/>
</testsuite>